0 info it worked if it ends with ok
1 verbose cli [ '/usr/local/bin/node',
1 verbose cli   '/Users/york/.nvm/v0.10.46/bin/npm',
1 verbose cli   'run',
1 verbose cli   'start' ]
2 info using npm@3.10.5
3 info using node@v7.0.0-pre
4 verbose run-script [ 'prestart', 'start', 'poststart' ]
5 info lifecycle webpack@0.0.1~prestart: webpack@0.0.1
6 silly lifecycle webpack@0.0.1~prestart: no script for prestart, continuing
7 info lifecycle webpack@0.0.1~start: webpack@0.0.1
8 verbose lifecycle webpack@0.0.1~start: unsafe-perm in lifecycle true
9 verbose lifecycle webpack@0.0.1~start: PATH: /Users/york/.nvm/v0.10.46/lib/node_modules/npm/bin/node-gyp-bin:/Users/york/git3/webapp/mobile/src/main/webapp/quiz/node_modules/.bin:/usr/local/bin:/usr/local/bin:/usr/bin:/bin:/usr/sbin:/sbin:/Users/york/.nvm/v0.10.46/bin/:/usr/local/maven/bin:/Library/Java/JavaVirtualMachines/jdk1.8.0_40.jdk/Contents/Home/bin
10 verbose lifecycle webpack@0.0.1~start: CWD: /Users/york/git3/webapp/mobile/src/main/webapp/quiz
11 silly lifecycle webpack@0.0.1~start: Args: [ '-c', 'node server.js --env=dev' ]
12 silly lifecycle webpack@0.0.1~start: Returned: code: 1  signal: null
13 info lifecycle webpack@0.0.1~start: Failed to exec start script
14 verbose stack Error: webpack@0.0.1 start: `node server.js --env=dev`
14 verbose stack Exit status 1
14 verbose stack     at EventEmitter.<anonymous> (/Users/york/.nvm/v0.10.46/lib/node_modules/npm/lib/utils/lifecycle.js:242:16)
14 verbose stack     at emitTwo (events.js:106:13)
14 verbose stack     at EventEmitter.emit (events.js:191:7)
14 verbose stack     at ChildProcess.<anonymous> (/Users/york/.nvm/v0.10.46/lib/node_modules/npm/lib/utils/spawn.js:40:14)
14 verbose stack     at emitTwo (events.js:106:13)
14 verbose stack     at ChildProcess.emit (events.js:191:7)
14 verbose stack     at maybeClose (internal/child_process.js:852:16)
14 verbose stack     at Process.ChildProcess._handle.onexit (internal/child_process.js:215:5)
15 verbose pkgid webpack@0.0.1
16 verbose cwd /Users/york/git3/webapp/mobile/src/main/webapp/quiz
17 error Darwin 14.3.0
18 error argv "/usr/local/bin/node" "/Users/york/.nvm/v0.10.46/bin/npm" "run" "start"
19 error node v7.0.0-pre
20 error npm  v3.10.5
21 error code ELIFECYCLE
22 error webpack@0.0.1 start: `node server.js --env=dev`
22 error Exit status 1
23 error Failed at the webpack@0.0.1 start script 'node server.js --env=dev'.
23 error Make sure you have the latest version of node.js and npm installed.
23 error If you do, this is most likely a problem with the webpack package,
23 error not with npm itself.
23 error Tell the author that this fails on your system:
23 error     node server.js --env=dev
23 error You can get information on how to open an issue for this project with:
23 error     npm bugs webpack
23 error Or if that isn't available, you can get their info via:
23 error     npm owner ls webpack
23 error There is likely additional logging output above.
24 verbose exit [ 1, true ]
